<?xml version="1.0" encoding="UTF-8"?>
<testsuite xmlns:xsi="http://www.w3.org/2001/XMLSchema-instance" xsi:schemaLocation="https://maven.apache.org/surefire/maven-surefire-plugin/xsd/surefire-test-report.xsd" name="TestSuite" time="130.613" tests="5" errors="0" skipped="0" failures="4">
  <properties>
    <property name="java.runtime.name" value="Java(TM) SE Runtime Environment"/>
    <property name="sun.boot.library.path" value="/Library/Java/JavaVirtualMachines/jdk1.8.0_112.jdk/Contents/Home/jre/lib"/>
    <property name="java.vm.version" value="25.112-b16"/>
    <property name="gopherProxySet" value="false"/>
    <property name="java.vm.vendor" value="Oracle Corporation"/>
    <property name="maven.multiModuleProjectDirectory" value="/Users/arsenal/Desktop/Learning_CODING/BranchTeamTests"/>
    <property name="java.vendor.url" value="http://java.oracle.com/"/>
    <property name="path.separator" value=":"/>
    <property name="guice.disable.misplaced.annotation.check" value="true"/>
    <property name="java.vm.name" value="Java HotSpot(TM) 64-Bit Server VM"/>
    <property name="file.encoding.pkg" value="sun.io"/>
    <property name="user.country" value="US"/>
    <property name="sun.java.launcher" value="SUN_STANDARD"/>
    <property name="sun.os.patch.level" value="unknown"/>
    <property name="java.vm.specification.name" value="Java Virtual Machine Specification"/>
    <property name="user.dir" value="/Users/arsenal/Desktop/Learning_CODING/BranchTeamTests"/>
    <property name="java.runtime.version" value="1.8.0_112-b16"/>
    <property name="java.awt.graphicsenv" value="sun.awt.CGraphicsEnvironment"/>
    <property name="java.endorsed.dirs" value="/Library/Java/JavaVirtualMachines/jdk1.8.0_112.jdk/Contents/Home/jre/lib/endorsed"/>
    <property name="os.arch" value="x86_64"/>
    <property name="java.io.tmpdir" value="/var/folders/zm/rs7p6px975g6wjpnl3qws7b00000gn/T/"/>
    <property name="line.separator" value="&#10;"/>
    <property name="java.vm.specification.vendor" value="Oracle Corporation"/>
    <property name="os.name" value="Mac OS X"/>
    <property name="classworlds.conf" value="/usr/local/Cellar/maven/3.3.9/libexec/bin/m2.conf"/>
    <property name="sun.jnu.encoding" value="UTF-8"/>
    <property name="java.library.path" value="/Users/arsenal/Library/Java/Extensions:/Library/Java/Extensions:/Network/Library/Java/Extensions:/System/Library/Java/Extensions:/usr/lib/java:."/>
    <property name="java.specification.name" value="Java Platform API Specification"/>
    <property name="java.class.version" value="52.0"/>
    <property name="sun.management.compiler" value="HotSpot 64-Bit Tiered Compilers"/>
    <property name="os.version" value="10.13.1"/>
    <property name="http.nonProxyHosts" value="local|*.local|169.254/16|*.169.254/16"/>
    <property name="surefire.suiteXmlFiles" value="teamModuleTests.xml"/>
    <property name="user.home" value="/Users/arsenal"/>
    <property name="user.timezone" value="America/Los_Angeles"/>
    <property name="java.awt.printerjob" value="sun.lwawt.macosx.CPrinterJob"/>
    <property name="java.specification.version" value="1.8"/>
    <property name="file.encoding" value="UTF-8"/>
    <property name="user.name" value="arsenal"/>
    <property name="java.class.path" value="/usr/local/Cellar/maven/3.3.9/libexec/boot/plexus-classworlds-2.5.2.jar"/>
    <property name="java.vm.specification.version" value="1.8"/>
    <property name="sun.arch.data.model" value="64"/>
    <property name="java.home" value="/Library/Java/JavaVirtualMachines/jdk1.8.0_112.jdk/Contents/Home/jre"/>
    <property name="sun.java.command" value="org.codehaus.plexus.classworlds.launcher.Launcher test -Dsurefire.suiteXmlFiles=teamModuleTests.xml"/>
    <property name="java.specification.vendor" value="Oracle Corporation"/>
    <property name="user.language" value="en"/>
    <property name="awt.toolkit" value="sun.lwawt.macosx.LWCToolkit"/>
    <property name="java.vm.info" value="mixed mode"/>
    <property name="java.version" value="1.8.0_112"/>
    <property name="java.ext.dirs" value="/Users/arsenal/Library/Java/Extensions:/Library/Java/JavaVirtualMachines/jdk1.8.0_112.jdk/Contents/Home/jre/lib/ext:/Library/Java/Extensions:/Network/Library/Java/Extensions:/System/Library/Java/Extensions:/usr/lib/java"/>
    <property name="sun.boot.class.path" value="/Library/Java/JavaVirtualMachines/jdk1.8.0_112.jdk/Contents/Home/jre/lib/resources.jar:/Library/Java/JavaVirtualMachines/jdk1.8.0_112.jdk/Contents/Home/jre/lib/rt.jar:/Library/Java/JavaVirtualMachines/jdk1.8.0_112.jdk/Contents/Home/jre/lib/sunrsasign.jar:/Library/Java/JavaVirtualMachines/jdk1.8.0_112.jdk/Contents/Home/jre/lib/jsse.jar:/Library/Java/JavaVirtualMachines/jdk1.8.0_112.jdk/Contents/Home/jre/lib/jce.jar:/Library/Java/JavaVirtualMachines/jdk1.8.0_112.jdk/Contents/Home/jre/lib/charsets.jar:/Library/Java/JavaVirtualMachines/jdk1.8.0_112.jdk/Contents/Home/jre/lib/jfr.jar:/Library/Java/JavaVirtualMachines/jdk1.8.0_112.jdk/Contents/Home/jre/classes"/>
    <property name="java.vendor" value="Oracle Corporation"/>
    <property name="maven.home" value="/usr/local/Cellar/maven/3.3.9/libexec"/>
    <property name="file.separator" value="/"/>
    <property name="java.vendor.url.bug" value="http://bugreport.sun.com/bugreport/"/>
    <property name="sun.cpu.endian" value="little"/>
    <property name="sun.io.unicode.encoding" value="UnicodeBig"/>
    <property name="socksNonProxyHosts" value="local|*.local|169.254/16|*.169.254/16"/>
    <property name="ftp.nonProxyHosts" value="local|*.local|169.254/16|*.169.254/16"/>
    <property name="sun.cpu.isalist" value=""/>
  </properties>
  <testcase name="VerifyEmployeeDepartmentsListedCorrectlyBetweenAllTabAndDepartmentsTabs" classname="Tests.TeamModuleTests" time="18.086">
    <failure message="expected [true] but found [false]" type="java.lang.AssertionError">java.lang.AssertionError: expected [true] but found [false]
	at Tests.TeamModuleTests.VerifyEmployeeDepartmentsListedCorrectlyBetweenAllTabAndDepartmentsTabs(TeamModuleTests.java:35)
</failure>
    <system-out><![CDATA[DEBUG: number of employees don't match between all tab and other tabs
DEBUG: names of employees who's department value don't match between 'All' and other tabs: [YEN HOANG, VATSAL BAJPAI, AMANDA GRADY, AMANDA VANDIVER, MARK WEILER]
]]></system-out>
    <system-err><![CDATA[Starting ChromeDriver 2.38.552518 (183d19265345f54ce39cbb94cf81ba5f15905011) on port 9766
Only local connections are allowed.
May 27, 2018 2:16:41 PM org.openqa.selenium.remote.ProtocolHandshake createSession
INFO: Detected dialect: OSS
]]></system-err>
  </testcase>
  <testcase name="VerifyEmployeeNamesCorrespondPortraitImageFileNamesOnAllTab" classname="Tests.TeamModuleTests" time="4.505">
    <failure message="expected [true] but found [false]" type="java.lang.AssertionError">java.lang.AssertionError: expected [true] but found [false]
	at Tests.TeamModuleTests.VerifyEmployeeNamesCorrespondPortraitImageFileNamesOnAllTab(TeamModuleTests.java:45)
</failure>
    <system-out><![CDATA[DEBUG: Names of employees with non matching images or inconsistently named imageFiles: [DMITRI GASKIN, ANGELICA MARTINEZ, ANN MASSOUD, ANUP OSTWAL, CATHLEEN HARTGE, EMRE AKSOY, EVAN KAPLAN, EVGENIY (GENE) HAYDAMAKHA, GAUTIER DESSE, JYOTSNA JAYARAMAN, MARC RITTER, MARK WEILER, MAURO SINCHE, MEGAN BEATY, MICHELLE LERNER, MINESH KHER, NIDHI MIGLANI, NEIL MA, PATRICK VAN DER STEEN, SHELBY SIMS, THIBAUT SOUYRIS, VIVIANA DE LA TORRE]
]]></system-out>
    <system-err><![CDATA[Starting ChromeDriver 2.38.552518 (183d19265345f54ce39cbb94cf81ba5f15905011) on port 36839
Only local connections are allowed.
May 27, 2018 2:17:20 PM org.openqa.selenium.remote.ProtocolHandshake createSession
INFO: Detected dialect: OSS
]]></system-err>
  </testcase>
  <testcase name="VerifyEmployeeNamesCorrespondPortraitImageFileNamesOnDepartmentTabs" classname="Tests.TeamModuleTests" time="0.063"/>
  <testcase name="verifyEmployeeNamesMatchBetweenAllAndOtherTabs" classname="Tests.TeamModuleTests" time="7.375">
    <failure message="expected [true] but found [false]" type="java.lang.AssertionError">java.lang.AssertionError: expected [true] but found [false]
	at Tests.TeamModuleTests.verifyEmployeeNamesMatchBetweenAllAndOtherTabs(TeamModuleTests.java:26)
</failure>
    <system-out><![CDATA[DEBUG: names found only in All tab: [AMANDA GRADY, AMANDA VANDIVER, MARK WEILER, VATSAL BAJPAI, YEN HOANG]
DEBUG: names found only in Other tabs: []
]]></system-out>
    <system-err><![CDATA[Starting ChromeDriver 2.38.552518 (183d19265345f54ce39cbb94cf81ba5f15905011) on port 29590
Only local connections are allowed.
May 27, 2018 2:17:59 PM org.openqa.selenium.remote.ProtocolHandshake createSession
INFO: Detected dialect: OSS
]]></system-err>
  </testcase>
  <testcase name="verifyQuantityOfEmployeesFromAllTabEqualsSumOfEmployeesFromOtherTabs" classname="Tests.TeamModuleTests" time="1.413">
    <failure message="expected [138] but found [143]" type="java.lang.AssertionError">java.lang.AssertionError: expected [138] but found [143]
	at Tests.TeamModuleTests.verifyQuantityOfEmployeesFromAllTabEqualsSumOfEmployeesFromOtherTabs(TeamModuleTests.java:20)
</failure>
    <system-out><![CDATA[DEBUG: 143 employee cards are found on 'All' departments tab
DEBUG: 138 total employee cards are found on 'other' department tabs
]]></system-out>
    <system-err><![CDATA[Starting ChromeDriver 2.38.552518 (183d19265345f54ce39cbb94cf81ba5f15905011) on port 9747
Only local connections are allowed.
May 27, 2018 2:18:27 PM org.openqa.selenium.remote.ProtocolHandshake createSession
INFO: Detected dialect: OSS
]]></system-err>
  </testcase>
</testsuite>