<?xml version="1.0" encoding="UTF-8"?>
<testng-results skipped="0" failed="4" total="5" passed="1">
  <reporter-output>
    <line>
      <![CDATA[DEBUG: number of employees don't match between all tab and other tabs]]>
    </line>
    <line>
      <![CDATA[DEBUG: names of employees who's department value don't match between 'All' and other tabs: [YEN HOANG, VATSAL BAJPAI, AMANDA GRADY, AMANDA VANDIVER, MARK WEILER]]]>
    </line>
    <line>
      <![CDATA[DEBUG: Names of employees with non matching images or inconsistently named imageFiles: [DMITRI GASKIN, ANGELICA MARTINEZ, ANN MASSOUD, ANUP OSTWAL, CATHLEEN HARTGE, EMRE AKSOY, EVAN KAPLAN, EVGENIY (GENE) HAYDAMAKHA, GAUTIER DESSE, JYOTSNA JAYARAMAN, MARC RITTER, MARK WEILER, MAURO SINCHE, MEGAN BEATY, MICHELLE LERNER, MINESH KHER, NIDHI MIGLANI, NEIL MA, PATRICK VAN DER STEEN, SHELBY SIMS, THIBAUT SOUYRIS, VIVIANA DE LA TORRE]]]>
    </line>
    <line>
      <![CDATA[DEBUG: names found only in All tab: [AMANDA GRADY, AMANDA VANDIVER, MARK WEILER, VATSAL BAJPAI, YEN HOANG]]]>
    </line>
    <line>
      <![CDATA[DEBUG: names found only in Other tabs: []]]>
    </line>
    <line>
      <![CDATA[DEBUG: 143 employee cards are found on 'All' departments tab]]>
    </line>
    <line>
      <![CDATA[DEBUG: 138 total employee cards are found on 'other' department tabs]]>
    </line>
  </reporter-output>
  <suite name="Acceptance Suite" duration-ms="128708" started-at="2018-05-27T21:16:38Z" finished-at="2018-05-27T21:18:47Z">
    <groups>
      <group name="team">
        <method signature="TeamModuleTests.VerifyEmployeeDepartmentsListedCorrectlyBetweenAllTabAndDepartmentsTabs()[pri:0, instance:Tests.TeamModuleTests@49c386c8]" name="VerifyEmployeeDepartmentsListedCorrectlyBetweenAllTabAndDepartmentsTabs" class="Tests.TeamModuleTests"/>
        <method signature="TeamModuleTests.VerifyEmployeeNamesCorrespondPortraitImageFileNamesOnAllTab()[pri:0, instance:Tests.TeamModuleTests@49c386c8]" name="VerifyEmployeeNamesCorrespondPortraitImageFileNamesOnAllTab" class="Tests.TeamModuleTests"/>
        <method signature="TeamModuleTests.VerifyEmployeeNamesCorrespondPortraitImageFileNamesOnDepartmentTabs()[pri:0, instance:Tests.TeamModuleTests@49c386c8]" name="VerifyEmployeeNamesCorrespondPortraitImageFileNamesOnDepartmentTabs" class="Tests.TeamModuleTests"/>
        <method signature="TeamModuleTests.verifyEmployeeNamesMatchBetweenAllAndOtherTabs()[pri:0, instance:Tests.TeamModuleTests@49c386c8]" name="verifyEmployeeNamesMatchBetweenAllAndOtherTabs" class="Tests.TeamModuleTests"/>
        <method signature="TeamModuleTests.verifyQuantityOfEmployeesFromAllTabEqualsSumOfEmployeesFromOtherTabs()[pri:0, instance:Tests.TeamModuleTests@49c386c8]" name="verifyQuantityOfEmployeesFromAllTabEqualsSumOfEmployeesFromOtherTabs" class="Tests.TeamModuleTests"/>
      </group> <!-- team -->
    </groups>
    <test name="TeamModuleSuite" duration-ms="128708" started-at="2018-05-27T21:16:38Z" finished-at="2018-05-27T21:18:47Z">
      <class name="Tests.TeamModuleTests">
        <test-method status="PASS" signature="navigateToBranchViaGoogleSearchAndOpenTeamPage()[pri:0, instance:Tests.TeamModuleTests@49c386c8]" name="navigateToBranchViaGoogleSearchAndOpenTeamPage" is-config="true" duration-ms="22140" started-at="2018-05-27T14:16:38Z" finished-at="2018-05-27T14:17:00Z">
          <reporter-output>
          </reporter-output>
        </test-method> <!-- navigateToBranchViaGoogleSearchAndOpenTeamPage -->
        <test-method status="FAIL" signature="VerifyEmployeeDepartmentsListedCorrectlyBetweenAllTabAndDepartmentsTabs()[pri:0, instance:Tests.TeamModuleTests@49c386c8]" name="VerifyEmployeeDepartmentsListedCorrectlyBetweenAllTabAndDepartmentsTabs" duration-ms="18072" started-at="2018-05-27T14:17:00Z" finished-at="2018-05-27T14:17:19Z">
          <exception class="java.lang.AssertionError">
            <message>
              <![CDATA[expected [true] but found [false]]]>
            </message>
            <full-stacktrace>
              <![CDATA[java.lang.AssertionError: expected [true] but found [false]
	at org.testng.Assert.fail(Assert.java:94)
	at org.testng.Assert.failNotEquals(Assert.java:494)
	at org.testng.Assert.assertTrue(Assert.java:42)
	at org.testng.Assert.assertTrue(Assert.java:52)
	at Tests.TeamModuleTests.VerifyEmployeeDepartmentsListedCorrectlyBetweenAllTabAndDepartmentsTabs(TeamModuleTests.java:35)
	at sun.reflect.NativeMethodAccessorImpl.invoke0(Native Method)
	at sun.reflect.NativeMethodAccessorImpl.invoke(NativeMethodAccessorImpl.java:62)
	at sun.reflect.DelegatingMethodAccessorImpl.invoke(DelegatingMethodAccessorImpl.java:43)
	at java.lang.reflect.Method.invoke(Method.java:498)
	at org.testng.internal.MethodInvocationHelper.invokeMethod(MethodInvocationHelper.java:80)
	at org.testng.internal.Invoker.invokeMethod(Invoker.java:714)
	at org.testng.internal.Invoker.invokeTestMethod(Invoker.java:901)
	at org.testng.internal.Invoker.invokeTestMethods(Invoker.java:1231)
	at org.testng.internal.TestMethodWorker.invokeTestMethods(TestMethodWorker.java:127)
	at org.testng.internal.TestMethodWorker.run(TestMethodWorker.java:111)
	at org.testng.TestRunner.privateRun(TestRunner.java:767)
	at org.testng.TestRunner.run(TestRunner.java:617)
	at org.testng.SuiteRunner.runTest(SuiteRunner.java:334)
	at org.testng.SuiteRunner.runSequentially(SuiteRunner.java:329)
	at org.testng.SuiteRunner.privateRun(SuiteRunner.java:291)
	at org.testng.SuiteRunner.run(SuiteRunner.java:240)
	at org.testng.SuiteRunnerWorker.runSuite(SuiteRunnerWorker.java:52)
	at org.testng.SuiteRunnerWorker.run(SuiteRunnerWorker.java:86)
	at org.testng.TestNG.runSuitesSequentially(TestNG.java:1198)
	at org.testng.TestNG.runSuitesLocally(TestNG.java:1123)
	at org.testng.TestNG.run(TestNG.java:1031)
	at org.apache.maven.surefire.testng.TestNGExecutor.run(TestNGExecutor.java:281)
	at org.apache.maven.surefire.testng.TestNGXmlTestSuite.execute(TestNGXmlTestSuite.java:75)
	at org.apache.maven.surefire.testng.TestNGProvider.invoke(TestNGProvider.java:121)
	at org.apache.maven.surefire.booter.ForkedBooter.invokeProviderInSameClassLoader(ForkedBooter.java:290)
	at org.apache.maven.surefire.booter.ForkedBooter.runSuitesInProcess(ForkedBooter.java:242)
	at org.apache.maven.surefire.booter.ForkedBooter.main(ForkedBooter.java:121)
]]>
            </full-stacktrace>
          </exception> <!-- java.lang.AssertionError -->
          <reporter-output>
            <line>
              <![CDATA[DEBUG: number of employees don't match between all tab and other tabs]]>
            </line>
            <line>
              <![CDATA[DEBUG: names of employees who's department value don't match between 'All' and other tabs: [YEN HOANG, VATSAL BAJPAI, AMANDA GRADY, AMANDA VANDIVER, MARK WEILER]]]>
            </line>
          </reporter-output>
        </test-method> <!-- VerifyEmployeeDepartmentsListedCorrectlyBetweenAllTabAndDepartmentsTabs -->
        <test-method status="PASS" signature="closeBrowser()[pri:0, instance:Tests.TeamModuleTests@49c386c8]" name="closeBrowser" is-config="true" duration-ms="252" started-at="2018-05-27T14:17:19Z" finished-at="2018-05-27T14:17:19Z">
          <reporter-output>
          </reporter-output>
        </test-method> <!-- closeBrowser -->
        <test-method status="PASS" signature="navigateToBranchViaGoogleSearchAndOpenTeamPage()[pri:0, instance:Tests.TeamModuleTests@49c386c8]" name="navigateToBranchViaGoogleSearchAndOpenTeamPage" is-config="true" duration-ms="17351" started-at="2018-05-27T14:17:19Z" finished-at="2018-05-27T14:17:36Z">
          <reporter-output>
          </reporter-output>
        </test-method> <!-- navigateToBranchViaGoogleSearchAndOpenTeamPage -->
        <test-method status="FAIL" signature="VerifyEmployeeNamesCorrespondPortraitImageFileNamesOnAllTab()[pri:0, instance:Tests.TeamModuleTests@49c386c8]" name="VerifyEmployeeNamesCorrespondPortraitImageFileNamesOnAllTab" duration-ms="4504" started-at="2018-05-27T14:17:36Z" finished-at="2018-05-27T14:17:41Z">
          <exception class="java.lang.AssertionError">
            <message>
              <![CDATA[expected [true] but found [false]]]>
            </message>
            <full-stacktrace>
              <![CDATA[java.lang.AssertionError: expected [true] but found [false]
	at org.testng.Assert.fail(Assert.java:94)
	at org.testng.Assert.failNotEquals(Assert.java:494)
	at org.testng.Assert.assertTrue(Assert.java:42)
	at org.testng.Assert.assertTrue(Assert.java:52)
	at Tests.TeamModuleTests.VerifyEmployeeNamesCorrespondPortraitImageFileNamesOnAllTab(TeamModuleTests.java:45)
	at sun.reflect.NativeMethodAccessorImpl.invoke0(Native Method)
	at sun.reflect.NativeMethodAccessorImpl.invoke(NativeMethodAccessorImpl.java:62)
	at sun.reflect.DelegatingMethodAccessorImpl.invoke(DelegatingMethodAccessorImpl.java:43)
	at java.lang.reflect.Method.invoke(Method.java:498)
	at org.testng.internal.MethodInvocationHelper.invokeMethod(MethodInvocationHelper.java:80)
	at org.testng.internal.Invoker.invokeMethod(Invoker.java:714)
	at org.testng.internal.Invoker.invokeTestMethod(Invoker.java:901)
	at org.testng.internal.Invoker.invokeTestMethods(Invoker.java:1231)
	at org.testng.internal.TestMethodWorker.invokeTestMethods(TestMethodWorker.java:127)
	at org.testng.internal.TestMethodWorker.run(TestMethodWorker.java:111)
	at org.testng.TestRunner.privateRun(TestRunner.java:767)
	at org.testng.TestRunner.run(TestRunner.java:617)
	at org.testng.SuiteRunner.runTest(SuiteRunner.java:334)
	at org.testng.SuiteRunner.runSequentially(SuiteRunner.java:329)
	at org.testng.SuiteRunner.privateRun(SuiteRunner.java:291)
	at org.testng.SuiteRunner.run(SuiteRunner.java:240)
	at org.testng.SuiteRunnerWorker.runSuite(SuiteRunnerWorker.java:52)
	at org.testng.SuiteRunnerWorker.run(SuiteRunnerWorker.java:86)
	at org.testng.TestNG.runSuitesSequentially(TestNG.java:1198)
	at org.testng.TestNG.runSuitesLocally(TestNG.java:1123)
	at org.testng.TestNG.run(TestNG.java:1031)
	at org.apache.maven.surefire.testng.TestNGExecutor.run(TestNGExecutor.java:281)
	at org.apache.maven.surefire.testng.TestNGXmlTestSuite.execute(TestNGXmlTestSuite.java:75)
	at org.apache.maven.surefire.testng.TestNGProvider.invoke(TestNGProvider.java:121)
	at org.apache.maven.surefire.booter.ForkedBooter.invokeProviderInSameClassLoader(ForkedBooter.java:290)
	at org.apache.maven.surefire.booter.ForkedBooter.runSuitesInProcess(ForkedBooter.java:242)
	at org.apache.maven.surefire.booter.ForkedBooter.main(ForkedBooter.java:121)
]]>
            </full-stacktrace>
          </exception> <!-- java.lang.AssertionError -->
          <reporter-output>
            <line>
              <![CDATA[DEBUG: Names of employees with non matching images or inconsistently named imageFiles: [DMITRI GASKIN, ANGELICA MARTINEZ, ANN MASSOUD, ANUP OSTWAL, CATHLEEN HARTGE, EMRE AKSOY, EVAN KAPLAN, EVGENIY (GENE) HAYDAMAKHA, GAUTIER DESSE, JYOTSNA JAYARAMAN, MARC RITTER, MARK WEILER, MAURO SINCHE, MEGAN BEATY, MICHELLE LERNER, MINESH KHER, NIDHI MIGLANI, NEIL MA, PATRICK VAN DER STEEN, SHELBY SIMS, THIBAUT SOUYRIS, VIVIANA DE LA TORRE]]]>
            </line>
          </reporter-output>
        </test-method> <!-- VerifyEmployeeNamesCorrespondPortraitImageFileNamesOnAllTab -->
        <test-method status="PASS" signature="closeBrowser()[pri:0, instance:Tests.TeamModuleTests@49c386c8]" name="closeBrowser" is-config="true" duration-ms="258" started-at="2018-05-27T14:17:41Z" finished-at="2018-05-27T14:17:41Z">
          <reporter-output>
          </reporter-output>
        </test-method> <!-- closeBrowser -->
        <test-method status="PASS" signature="navigateToBranchViaGoogleSearchAndOpenTeamPage()[pri:0, instance:Tests.TeamModuleTests@49c386c8]" name="navigateToBranchViaGoogleSearchAndOpenTeamPage" is-config="true" duration-ms="16892" started-at="2018-05-27T14:17:41Z" finished-at="2018-05-27T14:17:58Z">
          <reporter-output>
          </reporter-output>
        </test-method> <!-- navigateToBranchViaGoogleSearchAndOpenTeamPage -->
        <test-method status="PASS" signature="VerifyEmployeeNamesCorrespondPortraitImageFileNamesOnDepartmentTabs()[pri:0, instance:Tests.TeamModuleTests@49c386c8]" name="VerifyEmployeeNamesCorrespondPortraitImageFileNamesOnDepartmentTabs" duration-ms="63" started-at="2018-05-27T14:17:58Z" finished-at="2018-05-27T14:17:58Z">
          <reporter-output>
          </reporter-output>
        </test-method> <!-- VerifyEmployeeNamesCorrespondPortraitImageFileNamesOnDepartmentTabs -->
        <test-method status="PASS" signature="closeBrowser()[pri:0, instance:Tests.TeamModuleTests@49c386c8]" name="closeBrowser" is-config="true" duration-ms="385" started-at="2018-05-27T14:17:58Z" finished-at="2018-05-27T14:17:58Z">
          <reporter-output>
          </reporter-output>
        </test-method> <!-- closeBrowser -->
        <test-method status="PASS" signature="navigateToBranchViaGoogleSearchAndOpenTeamPage()[pri:0, instance:Tests.TeamModuleTests@49c386c8]" name="navigateToBranchViaGoogleSearchAndOpenTeamPage" is-config="true" duration-ms="19661" started-at="2018-05-27T14:17:58Z" finished-at="2018-05-27T14:18:18Z">
          <reporter-output>
          </reporter-output>
        </test-method> <!-- navigateToBranchViaGoogleSearchAndOpenTeamPage -->
        <test-method status="FAIL" signature="verifyEmployeeNamesMatchBetweenAllAndOtherTabs()[pri:0, instance:Tests.TeamModuleTests@49c386c8]" name="verifyEmployeeNamesMatchBetweenAllAndOtherTabs" duration-ms="7375" started-at="2018-05-27T14:18:18Z" finished-at="2018-05-27T14:18:25Z">
          <exception class="java.lang.AssertionError">
            <message>
              <![CDATA[expected [true] but found [false]]]>
            </message>
            <full-stacktrace>
              <![CDATA[java.lang.AssertionError: expected [true] but found [false]
	at org.testng.Assert.fail(Assert.java:94)
	at org.testng.Assert.failNotEquals(Assert.java:494)
	at org.testng.Assert.assertTrue(Assert.java:42)
	at org.testng.Assert.assertTrue(Assert.java:52)
	at Tests.TeamModuleTests.verifyEmployeeNamesMatchBetweenAllAndOtherTabs(TeamModuleTests.java:26)
	at sun.reflect.NativeMethodAccessorImpl.invoke0(Native Method)
	at sun.reflect.NativeMethodAccessorImpl.invoke(NativeMethodAccessorImpl.java:62)
	at sun.reflect.DelegatingMethodAccessorImpl.invoke(DelegatingMethodAccessorImpl.java:43)
	at java.lang.reflect.Method.invoke(Method.java:498)
	at org.testng.internal.MethodInvocationHelper.invokeMethod(MethodInvocationHelper.java:80)
	at org.testng.internal.Invoker.invokeMethod(Invoker.java:714)
	at org.testng.internal.Invoker.invokeTestMethod(Invoker.java:901)
	at org.testng.internal.Invoker.invokeTestMethods(Invoker.java:1231)
	at org.testng.internal.TestMethodWorker.invokeTestMethods(TestMethodWorker.java:127)
	at org.testng.internal.TestMethodWorker.run(TestMethodWorker.java:111)
	at org.testng.TestRunner.privateRun(TestRunner.java:767)
	at org.testng.TestRunner.run(TestRunner.java:617)
	at org.testng.SuiteRunner.runTest(SuiteRunner.java:334)
	at org.testng.SuiteRunner.runSequentially(SuiteRunner.java:329)
	at org.testng.SuiteRunner.privateRun(SuiteRunner.java:291)
	at org.testng.SuiteRunner.run(SuiteRunner.java:240)
	at org.testng.SuiteRunnerWorker.runSuite(SuiteRunnerWorker.java:52)
	at org.testng.SuiteRunnerWorker.run(SuiteRunnerWorker.java:86)
	at org.testng.TestNG.runSuitesSequentially(TestNG.java:1198)
	at org.testng.TestNG.runSuitesLocally(TestNG.java:1123)
	at org.testng.TestNG.run(TestNG.java:1031)
	at org.apache.maven.surefire.testng.TestNGExecutor.run(TestNGExecutor.java:281)
	at org.apache.maven.surefire.testng.TestNGXmlTestSuite.execute(TestNGXmlTestSuite.java:75)
	at org.apache.maven.surefire.testng.TestNGProvider.invoke(TestNGProvider.java:121)
	at org.apache.maven.surefire.booter.ForkedBooter.invokeProviderInSameClassLoader(ForkedBooter.java:290)
	at org.apache.maven.surefire.booter.ForkedBooter.runSuitesInProcess(ForkedBooter.java:242)
	at org.apache.maven.surefire.booter.ForkedBooter.main(ForkedBooter.java:121)
]]>
            </full-stacktrace>
          </exception> <!-- java.lang.AssertionError -->
          <reporter-output>
            <line>
              <![CDATA[DEBUG: names found only in All tab: [AMANDA GRADY, AMANDA VANDIVER, MARK WEILER, VATSAL BAJPAI, YEN HOANG]]]>
            </line>
            <line>
              <![CDATA[DEBUG: names found only in Other tabs: []]]>
            </line>
          </reporter-output>
        </test-method> <!-- verifyEmployeeNamesMatchBetweenAllAndOtherTabs -->
        <test-method status="PASS" signature="closeBrowser()[pri:0, instance:Tests.TeamModuleTests@49c386c8]" name="closeBrowser" is-config="true" duration-ms="339" started-at="2018-05-27T14:18:25Z" finished-at="2018-05-27T14:18:26Z">
          <reporter-output>
          </reporter-output>
        </test-method> <!-- closeBrowser -->
        <test-method status="PASS" signature="navigateToBranchViaGoogleSearchAndOpenTeamPage()[pri:0, instance:Tests.TeamModuleTests@49c386c8]" name="navigateToBranchViaGoogleSearchAndOpenTeamPage" is-config="true" duration-ms="19671" started-at="2018-05-27T14:18:26Z" finished-at="2018-05-27T14:18:45Z">
          <reporter-output>
          </reporter-output>
        </test-method> <!-- navigateToBranchViaGoogleSearchAndOpenTeamPage -->
        <test-method status="FAIL" signature="verifyQuantityOfEmployeesFromAllTabEqualsSumOfEmployeesFromOtherTabs()[pri:0, instance:Tests.TeamModuleTests@49c386c8]" name="verifyQuantityOfEmployeesFromAllTabEqualsSumOfEmployeesFromOtherTabs" duration-ms="1413" started-at="2018-05-27T14:18:45Z" finished-at="2018-05-27T14:18:47Z">
          <exception class="java.lang.AssertionError">
            <message>
              <![CDATA[expected [138] but found [143]]]>
            </message>
            <full-stacktrace>
              <![CDATA[java.lang.AssertionError: expected [138] but found [143]
	at org.testng.Assert.fail(Assert.java:94)
	at org.testng.Assert.failNotEquals(Assert.java:494)
	at org.testng.Assert.assertEquals(Assert.java:123)
	at org.testng.Assert.assertEquals(Assert.java:370)
	at org.testng.Assert.assertEquals(Assert.java:380)
	at Tests.TeamModuleTests.verifyQuantityOfEmployeesFromAllTabEqualsSumOfEmployeesFromOtherTabs(TeamModuleTests.java:20)
	at sun.reflect.NativeMethodAccessorImpl.invoke0(Native Method)
	at sun.reflect.NativeMethodAccessorImpl.invoke(NativeMethodAccessorImpl.java:62)
	at sun.reflect.DelegatingMethodAccessorImpl.invoke(DelegatingMethodAccessorImpl.java:43)
	at java.lang.reflect.Method.invoke(Method.java:498)
	at org.testng.internal.MethodInvocationHelper.invokeMethod(MethodInvocationHelper.java:80)
	at org.testng.internal.Invoker.invokeMethod(Invoker.java:714)
	at org.testng.internal.Invoker.invokeTestMethod(Invoker.java:901)
	at org.testng.internal.Invoker.invokeTestMethods(Invoker.java:1231)
	at org.testng.internal.TestMethodWorker.invokeTestMethods(TestMethodWorker.java:127)
	at org.testng.internal.TestMethodWorker.run(TestMethodWorker.java:111)
	at org.testng.TestRunner.privateRun(TestRunner.java:767)
	at org.testng.TestRunner.run(TestRunner.java:617)
	at org.testng.SuiteRunner.runTest(SuiteRunner.java:334)
	at org.testng.SuiteRunner.runSequentially(SuiteRunner.java:329)
	at org.testng.SuiteRunner.privateRun(SuiteRunner.java:291)
	at org.testng.SuiteRunner.run(SuiteRunner.java:240)
	at org.testng.SuiteRunnerWorker.runSuite(SuiteRunnerWorker.java:52)
	at org.testng.SuiteRunnerWorker.run(SuiteRunnerWorker.java:86)
	at org.testng.TestNG.runSuitesSequentially(TestNG.java:1198)
	at org.testng.TestNG.runSuitesLocally(TestNG.java:1123)
	at org.testng.TestNG.run(TestNG.java:1031)
	at org.apache.maven.surefire.testng.TestNGExecutor.run(TestNGExecutor.java:281)
	at org.apache.maven.surefire.testng.TestNGXmlTestSuite.execute(TestNGXmlTestSuite.java:75)
	at org.apache.maven.surefire.testng.TestNGProvider.invoke(TestNGProvider.java:121)
	at org.apache.maven.surefire.booter.ForkedBooter.invokeProviderInSameClassLoader(ForkedBooter.java:290)
	at org.apache.maven.surefire.booter.ForkedBooter.runSuitesInProcess(ForkedBooter.java:242)
	at org.apache.maven.surefire.booter.ForkedBooter.main(ForkedBooter.java:121)
]]>
            </full-stacktrace>
          </exception> <!-- java.lang.AssertionError -->
          <reporter-output>
            <line>
              <![CDATA[DEBUG: 143 employee cards are found on 'All' departments tab]]>
            </line>
            <line>
              <![CDATA[DEBUG: 138 total employee cards are found on 'other' department tabs]]>
            </line>
          </reporter-output>
        </test-method> <!-- verifyQuantityOfEmployeesFromAllTabEqualsSumOfEmployeesFromOtherTabs -->
        <test-method status="PASS" signature="closeBrowser()[pri:0, instance:Tests.TeamModuleTests@49c386c8]" name="closeBrowser" is-config="true" duration-ms="296" started-at="2018-05-27T14:18:47Z" finished-at="2018-05-27T14:18:47Z">
          <reporter-output>
          </reporter-output>
        </test-method> <!-- closeBrowser -->
      </class> <!-- Tests.TeamModuleTests -->
    </test> <!-- TeamModuleSuite -->
  </suite> <!-- Acceptance Suite -->
</testng-results>
